app/build/intermediates/manifest_merge_blame_file/release/processReleaseMainManifest/manifest-merger-blame-release-report.txt
1<?xml version="1.0" encoding="utf-8"?>
2<manifest xmlns:android="http://schemas.android.com/apk/res/android"
3    package="com.royals.labcraft"
4    android:versionCode="3"
5    android:versionName="1.2" >
6
7    <uses-sdk
8        android:minSdkVersion="24"
9        android:targetSdkVersion="35" />
10
11    <uses-permission android:name="android.permission.INTERNET" />
11-->src\main\AndroidManifest.xml:5:5-67
11-->src\main\AndroidManifest.xml:5:22-64
12    <uses-permission android:name="android.permission.ACCESS_NETWORK_STATE" />
12-->src\main\AndroidManifest.xml:6:5-79
12-->src\main\AndroidManifest.xml:6:22-76
13    <uses-permission android:name="com.google.android.gms.permission.AD_ID" />
13-->[com.google.android.gms:play-services-ads-lite:23.6.0] AndroidManifest.xml:26:5-79
13-->[com.google.android.gms:play-services-ads-lite:23.6.0] AndroidManifest.xml:26:22-76
14    <uses-permission android:name="android.permission.ACCESS_ADSERVICES_AD_ID" />
14-->[com.google.android.gms:play-services-ads-lite:23.6.0] AndroidManifest.xml:27:5-82
14-->[com.google.android.gms:play-services-ads-lite:23.6.0] AndroidManifest.xml:27:22-79
15    <uses-permission android:name="android.permission.ACCESS_ADSERVICES_ATTRIBUTION" />
15-->[com.google.android.gms:play-services-ads-lite:23.6.0] AndroidManifest.xml:28:5-88
15-->[com.google.android.gms:play-services-ads-lite:23.6.0] AndroidManifest.xml:28:22-85
16    <uses-permission android:name="android.permission.ACCESS_ADSERVICES_TOPICS" /> <!-- Android package visibility setting -->
16-->[com.google.android.gms:play-services-ads-lite:23.6.0] AndroidManifest.xml:29:5-83
16-->[com.google.android.gms:play-services-ads-lite:23.6.0] AndroidManifest.xml:29:22-80
17    <queries>
17-->[com.google.android.gms:play-services-ads-lite:23.6.0] AndroidManifest.xml:35:5-68:15
18
19        <!-- For browser content -->
20        <intent>
20-->[com.google.android.gms:play-services-ads-lite:23.6.0] AndroidManifest.xml:38:9-44:18
21            <action android:name="android.intent.action.VIEW" />
21-->[com.google.android.gms:play-services-ads-lite:23.6.0] AndroidManifest.xml:39:13-65
21-->[com.google.android.gms:play-services-ads-lite:23.6.0] AndroidManifest.xml:39:21-62
22
23            <category android:name="android.intent.category.BROWSABLE" />
23-->[com.google.android.gms:play-services-ads-lite:23.6.0] AndroidManifest.xml:41:13-74
23-->[com.google.android.gms:play-services-ads-lite:23.6.0] AndroidManifest.xml:41:23-71
24
25            <data android:scheme="https" />
25-->[com.google.android.gms:play-services-ads-lite:23.6.0] AndroidManifest.xml:43:13-44
25-->[com.google.android.gms:play-services-ads-lite:23.6.0] AndroidManifest.xml:43:19-41
26        </intent>
27        <!-- End of browser content -->
28        <!-- For CustomTabsService -->
29        <intent>
29-->[com.google.android.gms:play-services-ads-lite:23.6.0] AndroidManifest.xml:47:9-49:18
30            <action android:name="android.support.customtabs.action.CustomTabsService" />
30-->[com.google.android.gms:play-services-ads-lite:23.6.0] AndroidManifest.xml:48:13-90
30-->[com.google.android.gms:play-services-ads-lite:23.6.0] AndroidManifest.xml:48:21-87
31        </intent>
32        <!-- End of CustomTabsService -->
33        <!-- For MRAID capabilities -->
34        <intent>
34-->[com.google.android.gms:play-services-ads-lite:23.6.0] AndroidManifest.xml:52:9-56:18
35            <action android:name="android.intent.action.INSERT" />
35-->[com.google.android.gms:play-services-ads-lite:23.6.0] AndroidManifest.xml:53:13-67
35-->[com.google.android.gms:play-services-ads-lite:23.6.0] AndroidManifest.xml:53:21-64
36
37            <data android:mimeType="vnd.android.cursor.dir/event" />
37-->[com.google.android.gms:play-services-ads-lite:23.6.0] AndroidManifest.xml:43:13-44
38        </intent>
39        <intent>
39-->[com.google.android.gms:play-services-ads-lite:23.6.0] AndroidManifest.xml:57:9-61:18
40            <action android:name="android.intent.action.VIEW" />
40-->[com.google.android.gms:play-services-ads-lite:23.6.0] AndroidManifest.xml:39:13-65
40-->[com.google.android.gms:play-services-ads-lite:23.6.0] AndroidManifest.xml:39:21-62
41
42            <data android:scheme="sms" />
42-->[com.google.android.gms:play-services-ads-lite:23.6.0] AndroidManifest.xml:43:13-44
42-->[com.google.android.gms:play-services-ads-lite:23.6.0] AndroidManifest.xml:43:19-41
43        </intent>
44        <intent>
44-->[com.google.android.gms:play-services-ads-lite:23.6.0] AndroidManifest.xml:62:9-66:18
45            <action android:name="android.intent.action.DIAL" />
45-->[com.google.android.gms:play-services-ads-lite:23.6.0] AndroidManifest.xml:63:13-65
45-->[com.google.android.gms:play-services-ads-lite:23.6.0] AndroidManifest.xml:63:21-62
46
47            <data android:path="tel:" />
47-->[com.google.android.gms:play-services-ads-lite:23.6.0] AndroidManifest.xml:43:13-44
48        </intent>
49        <!-- End of MRAID capabilities -->
50    </queries>
51
52    <uses-permission android:name="android.permission.WAKE_LOCK" />
52-->[com.google.android.gms:play-services-measurement-sdk-api:20.1.2] AndroidManifest.xml:25:5-68
52-->[com.google.android.gms:play-services-measurement-sdk-api:20.1.2] AndroidManifest.xml:25:22-65
53    <uses-permission android:name="android.permission.FOREGROUND_SERVICE" />
53-->[androidx.work:work-runtime:2.7.0] AndroidManifest.xml:28:5-77
53-->[androidx.work:work-runtime:2.7.0] AndroidManifest.xml:28:22-74
54
55    <permission
55-->[androidx.core:core:1.13.1] AndroidManifest.xml:22:5-24:47
56        android:name="com.royals.labcraft.DYNAMIC_RECEIVER_NOT_EXPORTED_PERMISSION"
56-->[androidx.core:core:1.13.1] AndroidManifest.xml:23:9-81
57        android:protectionLevel="signature" />
57-->[androidx.core:core:1.13.1] AndroidManifest.xml:24:9-44
58
59    <uses-permission android:name="com.royals.labcraft.DYNAMIC_RECEIVER_NOT_EXPORTED_PERMISSION" />
59-->[androidx.core:core:1.13.1] AndroidManifest.xml:26:5-97
59-->[androidx.core:core:1.13.1] AndroidManifest.xml:26:22-94
60
61    <application
61-->src\main\AndroidManifest.xml:8:5-31:19
62        android:allowBackup="true"
62-->src\main\AndroidManifest.xml:9:9-35
63        android:appComponentFactory="androidx.core.app.CoreComponentFactory"
63-->[androidx.core:core:1.13.1] AndroidManifest.xml:28:18-86
64        android:extractNativeLibs="false"
65        android:hardwareAccelerated="true"
65-->src\main\AndroidManifest.xml:15:9-43
66        android:icon="@mipmap/ic_launcher"
66-->src\main\AndroidManifest.xml:10:9-43
67        android:label="@string/app_name"
67-->src\main\AndroidManifest.xml:11:9-41
68        android:roundIcon="@mipmap/ic_launcher"
68-->src\main\AndroidManifest.xml:12:9-48
69        android:supportsRtl="true"
69-->src\main\AndroidManifest.xml:13:9-35
70        android:theme="@style/Theme.LabCraft" >
70-->src\main\AndroidManifest.xml:14:9-46
71        <meta-data
72            android:name="com.google.android.gms.ads.APPLICATION_ID"
72-->src\main\AndroidManifest.xml:19:13-69
73            android:value="ca-app-pub-1811294933992844~6690229137" />
73-->src\main\AndroidManifest.xml:20:13-42
74
75        <activity
75-->src\main\AndroidManifest.xml:21:9-30:20
76            android:name="com.royals.labcraft.MainActivity"
76-->src\main\AndroidManifest.xml:22:13-41
77            android:configChanges="orientation|screenSize|keyboardHidden"
77-->src\main\AndroidManifest.xml:24:13-74
78            android:exported="true"
78-->src\main\AndroidManifest.xml:23:13-36
79            android:screenOrientation="portrait" >
79-->src\main\AndroidManifest.xml:25:13-49
80            <intent-filter>
80-->src\main\AndroidManifest.xml:26:13-29:29
81                <action android:name="android.intent.action.MAIN" />
81-->src\main\AndroidManifest.xml:27:17-69
81-->src\main\AndroidManifest.xml:27:25-66
82
83                <category android:name="android.intent.category.LAUNCHER" />
83-->src\main\AndroidManifest.xml:28:17-77
83-->src\main\AndroidManifest.xml:28:27-74
84            </intent-filter>
85        </activity>
86        <!-- Include the AdActivity and InAppPurchaseActivity configChanges and themes. -->
87        <activity
87-->[com.google.android.gms:play-services-ads-lite:23.6.0] AndroidManifest.xml:73:9-78:43
88            android:name="com.google.android.gms.ads.AdActivity"
88-->[com.google.android.gms:play-services-ads-lite:23.6.0] AndroidManifest.xml:74:13-65
89            android:configChanges="keyboard|keyboardHidden|orientation|screenLayout|uiMode|screenSize|smallestScreenSize"
89-->[com.google.android.gms:play-services-ads-lite:23.6.0] AndroidManifest.xml:75:13-122
90            android:exported="false"
90-->[com.google.android.gms:play-services-ads-lite:23.6.0] AndroidManifest.xml:76:13-37
91            android:theme="@android:style/Theme.Translucent" />
91-->[com.google.android.gms:play-services-ads-lite:23.6.0] AndroidManifest.xml:77:13-61
92
93        <provider
93-->[com.google.android.gms:play-services-ads-lite:23.6.0] AndroidManifest.xml:80:9-85:43
94            android:name="com.google.android.gms.ads.MobileAdsInitProvider"
94-->[com.google.android.gms:play-services-ads-lite:23.6.0] AndroidManifest.xml:81:13-76
95            android:authorities="com.royals.labcraft.mobileadsinitprovider"
95-->[com.google.android.gms:play-services-ads-lite:23.6.0] AndroidManifest.xml:82:13-73
96            android:exported="false"
96-->[com.google.android.gms:play-services-ads-lite:23.6.0] AndroidManifest.xml:83:13-37
97            android:initOrder="100" />
97-->[com.google.android.gms:play-services-ads-lite:23.6.0] AndroidManifest.xml:84:13-36
98
99        <service
99-->[com.google.android.gms:play-services-ads-lite:23.6.0] AndroidManifest.xml:87:9-91:43
100            android:name="com.google.android.gms.ads.AdService"
100-->[com.google.android.gms:play-services-ads-lite:23.6.0] AndroidManifest.xml:88:13-64
101            android:enabled="true"
101-->[com.google.android.gms:play-services-ads-lite:23.6.0] AndroidManifest.xml:89:13-35
102            android:exported="false" />
102-->[com.google.android.gms:play-services-ads-lite:23.6.0] AndroidManifest.xml:90:13-37
103
104        <activity
104-->[com.google.android.gms:play-services-ads-lite:23.6.0] AndroidManifest.xml:93:9-97:43
105            android:name="com.google.android.gms.ads.OutOfContextTestingActivity"
105-->[com.google.android.gms:play-services-ads-lite:23.6.0] AndroidManifest.xml:94:13-82
106            android:configChanges="keyboard|keyboardHidden|orientation|screenLayout|uiMode|screenSize|smallestScreenSize"
106-->[com.google.android.gms:play-services-ads-lite:23.6.0] AndroidManifest.xml:95:13-122
107            android:exported="false" />
107-->[com.google.android.gms:play-services-ads-lite:23.6.0] AndroidManifest.xml:96:13-37
108        <activity
108-->[com.google.android.gms:play-services-ads-lite:23.6.0] AndroidManifest.xml:98:9-105:43
109            android:name="com.google.android.gms.ads.NotificationHandlerActivity"
109-->[com.google.android.gms:play-services-ads-lite:23.6.0] AndroidManifest.xml:99:13-82
110            android:excludeFromRecents="true"
110-->[com.google.android.gms:play-services-ads-lite:23.6.0] AndroidManifest.xml:100:13-46
111            android:exported="false"
111-->[com.google.android.gms:play-services-ads-lite:23.6.0] AndroidManifest.xml:101:13-37
112            android:launchMode="singleTask"
112-->[com.google.android.gms:play-services-ads-lite:23.6.0] AndroidManifest.xml:102:13-44
113            android:taskAffinity=""
113-->[com.google.android.gms:play-services-ads-lite:23.6.0] AndroidManifest.xml:103:13-36
114            android:theme="@android:style/Theme.Translucent.NoTitleBar" />
114-->[com.google.android.gms:play-services-ads-lite:23.6.0] AndroidManifest.xml:104:13-72
115
116        <property
116-->[com.google.android.gms:play-services-ads-lite:23.6.0] AndroidManifest.xml:107:9-109:62
117            android:name="android.adservices.AD_SERVICES_CONFIG"
117-->[com.google.android.gms:play-services-ads-lite:23.6.0] AndroidManifest.xml:108:13-65
118            android:resource="@xml/gma_ad_services_config" />
118-->[com.google.android.gms:play-services-ads-lite:23.6.0] AndroidManifest.xml:109:13-59
119
120        <activity
120-->[com.google.android.gms:play-services-base:18.0.0] AndroidManifest.xml:20:9-22:45
121            android:name="com.google.android.gms.common.api.GoogleApiActivity"
121-->[com.google.android.gms:play-services-base:18.0.0] AndroidManifest.xml:20:19-85
122            android:exported="false"
122-->[com.google.android.gms:play-services-base:18.0.0] AndroidManifest.xml:22:19-43
123            android:theme="@android:style/Theme.Translucent.NoTitleBar" />
123-->[com.google.android.gms:play-services-base:18.0.0] AndroidManifest.xml:21:19-78
124
125        <meta-data
125-->[com.google.android.gms:play-services-basement:18.4.0] AndroidManifest.xml:6:9-122
126            android:name="com.google.android.gms.version"
126-->[com.google.android.gms:play-services-basement:18.4.0] AndroidManifest.xml:6:20-65
127            android:value="@integer/google_play_services_version" />
127-->[com.google.android.gms:play-services-basement:18.4.0] AndroidManifest.xml:6:66-119
128
129        <provider
129-->[androidx.emoji2:emoji2:1.3.0] AndroidManifest.xml:24:9-32:20
130            android:name="androidx.startup.InitializationProvider"
130-->[androidx.emoji2:emoji2:1.3.0] AndroidManifest.xml:25:13-67
131            android:authorities="com.royals.labcraft.androidx-startup"
131-->[androidx.emoji2:emoji2:1.3.0] AndroidManifest.xml:26:13-68
132            android:exported="false" >
132-->[androidx.emoji2:emoji2:1.3.0] AndroidManifest.xml:27:13-37
133            <meta-data
133-->[androidx.emoji2:emoji2:1.3.0] AndroidManifest.xml:29:13-31:52
134                android:name="androidx.emoji2.text.EmojiCompatInitializer"
134-->[androidx.emoji2:emoji2:1.3.0] AndroidManifest.xml:30:17-75
135                android:value="androidx.startup" />
135-->[androidx.emoji2:emoji2:1.3.0] AndroidManifest.xml:31:17-49
136            <meta-data
136-->[androidx.work:work-runtime:2.7.0] AndroidManifest.xml:36:13-38:52
137                android:name="androidx.work.WorkManagerInitializer"
137-->[androidx.work:work-runtime:2.7.0] AndroidManifest.xml:37:17-68
138                android:value="androidx.startup" />
138-->[androidx.work:work-runtime:2.7.0] AndroidManifest.xml:38:17-49
139            <meta-data
139-->[androidx.lifecycle:lifecycle-process:2.6.2] AndroidManifest.xml:29:13-31:52
140                android:name="androidx.lifecycle.ProcessLifecycleInitializer"
140-->[androidx.lifecycle:lifecycle-process:2.6.2] AndroidManifest.xml:30:17-78
141                android:value="androidx.startup" />
141-->[androidx.lifecycle:lifecycle-process:2.6.2] AndroidManifest.xml:31:17-49
142            <meta-data
142-->[androidx.profileinstaller:profileinstaller:1.3.1] AndroidManifest.xml:29:13-31:52
143                android:name="androidx.profileinstaller.ProfileInstallerInitializer"
143-->[androidx.profileinstaller:profileinstaller:1.3.1] AndroidManifest.xml:30:17-85
144                android:value="androidx.startup" />
144-->[androidx.profileinstaller:profileinstaller:1.3.1] AndroidManifest.xml:31:17-49
145        </provider>
146
147        <service
147-->[androidx.work:work-runtime:2.7.0] AndroidManifest.xml:41:9-46:35
148            android:name="androidx.work.impl.background.systemalarm.SystemAlarmService"
148-->[androidx.work:work-runtime:2.7.0] AndroidManifest.xml:42:13-88
149            android:directBootAware="false"
149-->[androidx.work:work-runtime:2.7.0] AndroidManifest.xml:43:13-44
150            android:enabled="@bool/enable_system_alarm_service_default"
150-->[androidx.work:work-runtime:2.7.0] AndroidManifest.xml:44:13-72
151            android:exported="false" />
151-->[androidx.work:work-runtime:2.7.0] AndroidManifest.xml:45:13-37
152        <service
152-->[androidx.work:work-runtime:2.7.0] AndroidManifest.xml:47:9-53:35
153            android:name="androidx.work.impl.background.systemjob.SystemJobService"
153-->[androidx.work:work-runtime:2.7.0] AndroidManifest.xml:48:13-84
154            android:directBootAware="false"
154-->[androidx.work:work-runtime:2.7.0] AndroidManifest.xml:49:13-44
155            android:enabled="@bool/enable_system_job_service_default"
155-->[androidx.work:work-runtime:2.7.0] AndroidManifest.xml:50:13-70
156            android:exported="true"
156-->[androidx.work:work-runtime:2.7.0] AndroidManifest.xml:51:13-36
157            android:permission="android.permission.BIND_JOB_SERVICE" />
157-->[androidx.work:work-runtime:2.7.0] AndroidManifest.xml:52:13-69
158        <service
158-->[androidx.work:work-runtime:2.7.0] AndroidManifest.xml:54:9-59:35
159            android:name="androidx.work.impl.foreground.SystemForegroundService"
159-->[androidx.work:work-runtime:2.7.0] AndroidManifest.xml:55:13-81
160            android:directBootAware="false"
160-->[androidx.work:work-runtime:2.7.0] AndroidManifest.xml:56:13-44
161            android:enabled="@bool/enable_system_foreground_service_default"
161-->[androidx.work:work-runtime:2.7.0] AndroidManifest.xml:57:13-77
162            android:exported="false" />
162-->[androidx.work:work-runtime:2.7.0] AndroidManifest.xml:58:13-37
163
164        <receiver
164-->[androidx.work:work-runtime:2.7.0] AndroidManifest.xml:61:9-66:35
165            android:name="androidx.work.impl.utils.ForceStopRunnable$BroadcastReceiver"
165-->[androidx.work:work-runtime:2.7.0] AndroidManifest.xml:62:13-88
166            android:directBootAware="false"
166-->[androidx.work:work-runtime:2.7.0] AndroidManifest.xml:63:13-44
167            android:enabled="true"
167-->[androidx.work:work-runtime:2.7.0] AndroidManifest.xml:64:13-35
168            android:exported="false" />
168-->[androidx.work:work-runtime:2.7.0] AndroidManifest.xml:65:13-37
169        <receiver
169-->[androidx.work:work-runtime:2.7.0] AndroidManifest.xml:67:9-77:20
170            android:name="androidx.work.impl.background.systemalarm.ConstraintProxy$BatteryChargingProxy"
170-->[androidx.work:work-runtime:2.7.0] AndroidManifest.xml:68:13-106
171            android:directBootAware="false"
171-->[androidx.work:work-runtime:2.7.0] AndroidManifest.xml:69:13-44
172            android:enabled="false"
172-->[androidx.work:work-runtime:2.7.0] AndroidManifest.xml:70:13-36
173            android:exported="false" >
173-->[androidx.work:work-runtime:2.7.0] AndroidManifest.xml:71:13-37
174            <intent-filter>
174-->[androidx.work:work-runtime:2.7.0] AndroidManifest.xml:73:13-76:29
175                <action android:name="android.intent.action.ACTION_POWER_CONNECTED" />
175-->[androidx.work:work-runtime:2.7.0] AndroidManifest.xml:74:17-87
175-->[androidx.work:work-runtime:2.7.0] AndroidManifest.xml:74:25-84
176                <action android:name="android.intent.action.ACTION_POWER_DISCONNECTED" />
176-->[androidx.work:work-runtime:2.7.0] AndroidManifest.xml:75:17-90
176-->[androidx.work:work-runtime:2.7.0] AndroidManifest.xml:75:25-87
177            </intent-filter>
178        </receiver>
179        <receiver
179-->[androidx.work:work-runtime:2.7.0] AndroidManifest.xml:78:9-88:20
180            android:name="androidx.work.impl.background.systemalarm.ConstraintProxy$BatteryNotLowProxy"
180-->[androidx.work:work-runtime:2.7.0] AndroidManifest.xml:79:13-104
181            android:directBootAware="false"
181-->[androidx.work:work-runtime:2.7.0] AndroidManifest.xml:80:13-44
182            android:enabled="false"
182-->[androidx.work:work-runtime:2.7.0] AndroidManifest.xml:81:13-36
183            android:exported="false" >
183-->[androidx.work:work-runtime:2.7.0] AndroidManifest.xml:82:13-37
184            <intent-filter>
184-->[androidx.work:work-runtime:2.7.0] AndroidManifest.xml:84:13-87:29
185                <action android:name="android.intent.action.BATTERY_OKAY" />
185-->[androidx.work:work-runtime:2.7.0] AndroidManifest.xml:85:17-77
185-->[androidx.work:work-runtime:2.7.0] AndroidManifest.xml:85:25-74
186                <action android:name="android.intent.action.BATTERY_LOW" />
186-->[androidx.work:work-runtime:2.7.0] AndroidManifest.xml:86:17-76
186-->[androidx.work:work-runtime:2.7.0] AndroidManifest.xml:86:25-73
187            </intent-filter>
188        </receiver>
189        <receiver
189-->[androidx.work:work-runtime:2.7.0] AndroidManifest.xml:89:9-99:20
190            android:name="androidx.work.impl.background.systemalarm.ConstraintProxy$StorageNotLowProxy"
190-->[androidx.work:work-runtime:2.7.0] AndroidManifest.xml:90:13-104
191            android:directBootAware="false"
191-->[androidx.work:work-runtime:2.7.0] AndroidManifest.xml:91:13-44
192            android:enabled="false"
192-->[androidx.work:work-runtime:2.7.0] AndroidManifest.xml:92:13-36
193            android:exported="false" >
193-->[androidx.work:work-runtime:2.7.0] AndroidManifest.xml:93:13-37
194            <intent-filter>
194-->[androidx.work:work-runtime:2.7.0] AndroidManifest.xml:95:13-98:29
195                <action android:name="android.intent.action.DEVICE_STORAGE_LOW" />
195-->[androidx.work:work-runtime:2.7.0] AndroidManifest.xml:96:17-83
195-->[androidx.work:work-runtime:2.7.0] AndroidManifest.xml:96:25-80
196                <action android:name="android.intent.action.DEVICE_STORAGE_OK" />
196-->[androidx.work:work-runtime:2.7.0] AndroidManifest.xml:97:17-82
196-->[androidx.work:work-runtime:2.7.0] AndroidManifest.xml:97:25-79
197            </intent-filter>
198        </receiver>
199        <receiver
199-->[androidx.work:work-runtime:2.7.0] AndroidManifest.xml:100:9-109:20
200            android:name="androidx.work.impl.background.systemalarm.ConstraintProxy$NetworkStateProxy"
200-->[androidx.work:work-runtime:2.7.0] AndroidManifest.xml:101:13-103
201            android:directBootAware="false"
201-->[androidx.work:work-runtime:2.7.0] AndroidManifest.xml:102:13-44
202            android:enabled="false"
202-->[androidx.work:work-runtime:2.7.0] AndroidManifest.xml:103:13-36
203            android:exported="false" >
203-->[androidx.work:work-runtime:2.7.0] AndroidManifest.xml:104:13-37
204            <intent-filter>
204-->[androidx.work:work-runtime:2.7.0] AndroidManifest.xml:106:13-108:29
205                <action android:name="android.net.conn.CONNECTIVITY_CHANGE" />
205-->[androidx.work:work-runtime:2.7.0] AndroidManifest.xml:107:17-79
205-->[androidx.work:work-runtime:2.7.0] AndroidManifest.xml:107:25-76
206            </intent-filter>
207        </receiver>
208        <receiver
208-->[androidx.work:work-runtime:2.7.0] AndroidManifest.xml:110:9-121:20
209            android:name="androidx.work.impl.background.systemalarm.RescheduleReceiver"
209-->[androidx.work:work-runtime:2.7.0] AndroidManifest.xml:111:13-88
210            android:directBootAware="false"
210-->[androidx.work:work-runtime:2.7.0] AndroidManifest.xml:112:13-44
211            android:enabled="false"
211-->[androidx.work:work-runtime:2.7.0] AndroidManifest.xml:113:13-36
212            android:exported="false" >
212-->[androidx.work:work-runtime:2.7.0] AndroidManifest.xml:114:13-37
213            <intent-filter>
213-->[androidx.work:work-runtime:2.7.0] AndroidManifest.xml:116:13-120:29
214                <action android:name="android.intent.action.BOOT_COMPLETED" />
214-->[androidx.work:work-runtime:2.7.0] AndroidManifest.xml:117:17-79
214-->[androidx.work:work-runtime:2.7.0] AndroidManifest.xml:117:25-76
215                <action android:name="android.intent.action.TIME_SET" />
215-->[androidx.work:work-runtime:2.7.0] AndroidManifest.xml:118:17-73
215-->[androidx.work:work-runtime:2.7.0] AndroidManifest.xml:118:25-70
216                <action android:name="android.intent.action.TIMEZONE_CHANGED" />
216-->[androidx.work:work-runtime:2.7.0] AndroidManifest.xml:119:17-81
216-->[androidx.work:work-runtime:2.7.0] AndroidManifest.xml:119:25-78
217            </intent-filter>
218        </receiver>
219        <receiver
219-->[androidx.work:work-runtime:2.7.0] AndroidManifest.xml:122:9-131:20
220            android:name="androidx.work.impl.background.systemalarm.ConstraintProxyUpdateReceiver"
220-->[androidx.work:work-runtime:2.7.0] AndroidManifest.xml:123:13-99
221            android:directBootAware="false"
221-->[androidx.work:work-runtime:2.7.0] AndroidManifest.xml:124:13-44
222            android:enabled="@bool/enable_system_alarm_service_default"
222-->[androidx.work:work-runtime:2.7.0] AndroidManifest.xml:125:13-72
223            android:exported="false" >
223-->[androidx.work:work-runtime:2.7.0] AndroidManifest.xml:126:13-37
224            <intent-filter>
224-->[androidx.work:work-runtime:2.7.0] AndroidManifest.xml:128:13-130:29
225                <action android:name="androidx.work.impl.background.systemalarm.UpdateProxies" />
225-->[androidx.work:work-runtime:2.7.0] AndroidManifest.xml:129:17-98
225-->[androidx.work:work-runtime:2.7.0] AndroidManifest.xml:129:25-95
226            </intent-filter>
227        </receiver>
228        <receiver
228-->[androidx.work:work-runtime:2.7.0] AndroidManifest.xml:132:9-142:20
229            android:name="androidx.work.impl.diagnostics.DiagnosticsReceiver"
229-->[androidx.work:work-runtime:2.7.0] AndroidManifest.xml:133:13-78
230            android:directBootAware="false"
230-->[androidx.work:work-runtime:2.7.0] AndroidManifest.xml:134:13-44
231            android:enabled="true"
231-->[androidx.work:work-runtime:2.7.0] AndroidManifest.xml:135:13-35
232            android:exported="true"
232-->[androidx.work:work-runtime:2.7.0] AndroidManifest.xml:136:13-36
233            android:permission="android.permission.DUMP" >
233-->[androidx.work:work-runtime:2.7.0] AndroidManifest.xml:137:13-57
234            <intent-filter>
234-->[androidx.work:work-runtime:2.7.0] AndroidManifest.xml:139:13-141:29
235                <action android:name="androidx.work.diagnostics.REQUEST_DIAGNOSTICS" />
235-->[androidx.work:work-runtime:2.7.0] AndroidManifest.xml:140:17-88
235-->[androidx.work:work-runtime:2.7.0] AndroidManifest.xml:140:25-85
236            </intent-filter>
237        </receiver>
238
239        <uses-library
239-->[androidx.privacysandbox.ads:ads-adservices:1.0.0-beta05] AndroidManifest.xml:23:9-25:40
240            android:name="android.ext.adservices"
240-->[androidx.privacysandbox.ads:ads-adservices:1.0.0-beta05] AndroidManifest.xml:24:13-50
241            android:required="false" />
241-->[androidx.privacysandbox.ads:ads-adservices:1.0.0-beta05] AndroidManifest.xml:25:13-37
242
243        <receiver
243-->[androidx.profileinstaller:profileinstaller:1.3.1] AndroidManifest.xml:34:9-52:20
244            android:name="androidx.profileinstaller.ProfileInstallReceiver"
244-->[androidx.profileinstaller:profileinstaller:1.3.1] AndroidManifest.xml:35:13-76
245            android:directBootAware="false"
245-->[androidx.profileinstaller:profileinstaller:1.3.1] AndroidManifest.xml:36:13-44
246            android:enabled="true"
246-->[androidx.profileinstaller:profileinstaller:1.3.1] AndroidManifest.xml:37:13-35
247            android:exported="true"
247-->[androidx.profileinstaller:profileinstaller:1.3.1] AndroidManifest.xml:38:13-36
248            android:permission="android.permission.DUMP" >
248-->[androidx.profileinstaller:profileinstaller:1.3.1] AndroidManifest.xml:39:13-57
249            <intent-filter>
249-->[androidx.profileinstaller:profileinstaller:1.3.1] AndroidManifest.xml:40:13-42:29
250                <action android:name="androidx.profileinstaller.action.INSTALL_PROFILE" />
250-->[androidx.profileinstaller:profileinstaller:1.3.1] AndroidManifest.xml:41:17-91
250-->[androidx.profileinstaller:profileinstaller:1.3.1] AndroidManifest.xml:41:25-88
251            </intent-filter>
252            <intent-filter>
252-->[androidx.profileinstaller:profileinstaller:1.3.1] AndroidManifest.xml:43:13-45:29
253                <action android:name="androidx.profileinstaller.action.SKIP_FILE" />
253-->[androidx.profileinstaller:profileinstaller:1.3.1] AndroidManifest.xml:44:17-85
253-->[androidx.profileinstaller:profileinstaller:1.3.1] AndroidManifest.xml:44:25-82
254            </intent-filter>
255            <intent-filter>
255-->[androidx.profileinstaller:profileinstaller:1.3.1] AndroidManifest.xml:46:13-48:29
256                <action android:name="androidx.profileinstaller.action.SAVE_PROFILE" />
256-->[androidx.profileinstaller:profileinstaller:1.3.1] AndroidManifest.xml:47:17-88
256-->[androidx.profileinstaller:profileinstaller:1.3.1] AndroidManifest.xml:47:25-85
257            </intent-filter>
258            <intent-filter>
258-->[androidx.profileinstaller:profileinstaller:1.3.1] AndroidManifest.xml:49:13-51:29
259                <action android:name="androidx.profileinstaller.action.BENCHMARK_OPERATION" />
259-->[androidx.profileinstaller:profileinstaller:1.3.1] AndroidManifest.xml:50:17-95
259-->[androidx.profileinstaller:profileinstaller:1.3.1] AndroidManifest.xml:50:25-92
260            </intent-filter>
261        </receiver>
262
263        <service
263-->[androidx.room:room-runtime:2.2.5] AndroidManifest.xml:25:9-28:40
264            android:name="androidx.room.MultiInstanceInvalidationService"
264-->[androidx.room:room-runtime:2.2.5] AndroidManifest.xml:26:13-74
265            android:directBootAware="true"
265-->[androidx.room:room-runtime:2.2.5] AndroidManifest.xml:27:13-43
266            android:exported="false" />
266-->[androidx.room:room-runtime:2.2.5] AndroidManifest.xml:28:13-37
267    </application>
268
269</manifest>